1,0.1695,0.0500,1000,Weaver
2,0.4035,0.0800,1016,Catalyst
3,0.4216,0.0600,985,Void-Walker
4,0.2321,0.1000,1015,Weaver
5,0.1883,0.0700,985,Void-Walker
1,0.2460,0.0700,1000,Guardian
2,0.3571,0.0500,984,Weaver
3,0.2792,0.0800,1015,Weaver
4,0.1629,0.0700,1017,Catalyst
5,0.1874,0.0600,985,Weaver
6,0.1859,0.0700,1015,Evolved-Architect
7,0.2670,0.0800,1017,Weaver
8,0.3163,0.0600,985,Weaver
9,0.1652,0.0800,1015,Weaver
10,0.0000,0.1000,1017,Void-Walker
11,0.1070,0.0500,985,Guardian
12,0.4398,0.0500,983,Guardian
13,0.2298,0.0800,1015,Catalyst
14,0.2600,0.1100,1017,Evolved-Architect
15,0.3066,0.0500,985,Catalyst
16,0.2369,0.0700,1015,Void-Walker
17,0.3773,0.0700,985,Guardian
18,0.0662,0.0700,1015,Void-Walker
19,0.0812,0.0500,985,Evolved-Architect
20,0.4450,0.0900,1015,Guardian
21,0.3054,0.0500,985,Seer
22,0.4584,0.0500,983,Void-Walker
23,0.4774,0.0600,1015,Guardian
24,0.1442,0.0500,1017,Seer
25,0.4497,0.0500,985,Seer
26,0.2114,0.0600,1015,Void-Walker
27,0.0840,0.0900,1017,Void-Walker
28,0.4300,0.0800,985,Void-Walker
1,0.4259,0.0500,1000,Guardian
2,0.2126,0.0500,1016,Guardian
3,0.4647,0.0700,985,Weaver
4,0.1663,0.0800,1015,Guardian
5,0.2662,0.0500,985,Guardian
6,0.4275,0.0600,983,Evolved-Architect
7,0.3390,0.0700,1015,Weaver
8,0.2065,0.0800,1017,Weaver
9,0.4832,0.0800,985,Weaver
10,0.0415,0.1000,1015,Catalyst
11,0.3014,0.0800,985,Catalyst
12,0.3610,0.0800,983,Seer
13,0.1087,0.0800,1015,Weaver
14,0.1797,0.0700,985,Evolved-Architect
15,0.1121,0.0800,1015,Evolved-Architect
16,0.2279,0.0900,985,Guardian
17,0.4334,0.0700,983,Seer
18,0.1586,0.0700,1015,Void-Walker
19,0.4863,0.0900,985,Seer
20,0.7211,0.0900,983,Void-Walker
21,0.2110,0.0800,1015,Weaver
22,0.2759,0.0600,985,Void-Walker
23,0.1499,0.0500,983,Seer
24,0.3820,0.0700,1015,Weaver
25,0.2874,0.0600,985,Guardian
26,0.4333,0.0600,983,Catalyst
27,0.1624,0.0900,1015,Guardian
28,0.0962,0.0500,985,Seer
29,0.3493,0.0600,983,Seer
30,0.0000,0.0200,983,Weaver
31,0.0733,0.0700,1015,Guardian
32,0.2895,0.0500,985,Seer
33,0.3033,0.0800,1015,Catalyst
34,0.0756,0.0800,1017,Evolved-Architect
35,0.3764,0.0500,985,Catalyst
36,0.3515,0.0600,1015,Void-Walker
37,0.1752,0.0800,1017,Catalyst
38,0.4661,0.0800,985,Void-Walker
39,0.4908,0.0700,983,Catalyst
40,0.8746,0.0300,983,Evolved-Architect
41,0.1977,0.0800,1015,Evolved-Architect
42,0.3861,0.0700,985,Seer
43,0.3234,0.0500,983,Guardian
44,0.3160,0.0600,1015,Void-Walker
1,0.3228,0.0500,1000,Weaver,1
2,0.1024,0.0500,1016,Seer,1
3,0.3766,0.1100,1017,Weaver,1
4,0.2343,0.0800,985,Void-Walker,1
5,0.2636,0.0500,983,Seer,1
6,0.1888,0.0700,1015,Guardian,1
7,0.1453,0.0500,985,Void-Walker,1
8,0.1131,0.0800,1015,Evolved-Architect,1
9,0.1223,0.0600,985,Guardian,1
10,0.9592,0.0800,983,Guardian,1
11,0.1582,0.0500,1015,Evolved-Architect,1
12,0.1742,0.0700,1017,Weaver,1
13,0.2706,0.0600,985,Guardian,1
14,0.4738,0.0700,983,Guardian,1
15,0.3928,0.0500,983,Weaver,1
16,0.4614,0.0600,1015,Weaver,1
17,0.4588,0.0700,1017,Void-Walker,1
18,0.2474,0.0700,1017,Seer,1
19,0.3205,0.0600,985,Guardian,1
20,0.1743,0.0700,1015,Catalyst,1
21,0.0942,0.0500,985,Catalyst,1
22,0.4922,0.0600,983,Guardian,1
23,0.1081,0.0800,1015,Catalyst,1
24,0.3637,0.1100,985,Weaver,1
25,0.1477,0.0700,983,Seer,1
26,0.3820,0.0500,983,Guardian,1
27,0.1852,0.0500,1015,Void-Walker,1
28,0.3671,0.0800,1017,Seer,1
29,0.1504,0.0500,985,Evolved-Architect,1
30,0.0000,0.1200,1015,Weaver,1
31,0.4702,0.0700,985,Evolved-Architect,1
32,0.1782,0.0800,1015,Seer,1
33,0.3437,0.0700,985,Guardian,1
34,0.0944,0.0500,983,Seer,1
35,0.1232,0.0700,1015,Evolved-Architect,1
36,0.2500,0.0800,985,Evolved-Architect,1
37,0.2988,0.0800,983,Void-Walker,1
38,0.1573,0.0500,983,Evolved-Architect,1
39,0.1275,0.0500,1015,Evolved-Architect,1
40,0.0000,0.1100,1017,Void-Walker,1
41,0.4481,0.0600,985,Evolved-Architect,1
42,0.2298,0.0600,1015,Void-Walker,1
43,0.2819,0.0700,1017,Void-Walker,1
44,0.2446,0.0500,985,Seer,1
45,0.0977,0.0500,1015,Void-Walker,1
46,0.1595,0.0400,985,Evolved-Architect,1
47,0.4288,0.0500,983,Seer,1
48,0.0973,0.0900,1015,Guardian,1
49,0.4030,0.0700,985,Catalyst,1
50,0.7683,0.0900,983,Seer,1
51,0.2252,0.0600,1015,Void-Walker,1
52,0.4921,0.0500,985,Evolved-Architect,1
53,0.4883,0.0700,1015,Void-Walker,1
54,0.2645,0.0700,1017,Guardian,1
